Build started 2/10/2014 6:41:49 PM.
     1>Project "H:\CSCE315\Database\Team-Assignment-1\Pokedex\PokedexTest\PokedexTest.vcxproj" on node 3 (Build target(s)).
     1>Link:
         C:\Program Files (x86)\Microsoft Visual Studio 12.0\VC\bin\link.exe /ERRORREPORT:PROMPT /OUT:"H:\CSCE315\Pokedex\PokedexMain\Debug\PokedexTest.dll" /INCREMENTAL /NOLOGO /LIBPATH:"C:\Program Files (x86)\Microsoft Visual Studio 12.0\VC\UnitTest\lib" kernel32.lib user32.lib gdi32.lib winspool.lib comdlg32.lib advapi32.lib shell32.lib ole32.lib oleaut32.lib uuid.lib odbc32.lib odbccp32.lib /MANIFEST /MANIFESTUAC:"level='asInvoker' uiAccess='false'" /manifest:embed /DEBUG /PDB:"H:\CSCE315\Pokedex\PokedexMain\Debug\PokedexTest.pdb" /SUBSYSTEM:WINDOWS /TLBID:1 /DYNAMICBASE /NXCOMPAT /IMPLIB:"H:\CSCE315\Pokedex\PokedexMain\Debug\PokedexTest.lib" /MACHINE:X86 /DLL Debug\stdafx.obj
         Debug\unittest1.obj
         H:\CSCE315\Pokedex\PokedexMain\Debug\Pokedex.lib
     1>LINK : fatal error LNK1104: cannot open file 'H:\CSCE315\Pokedex\PokedexMain\Debug\Pokedex.lib'
     1>Done Building Project "H:\CSCE315\Database\Team-Assignment-1\Pokedex\PokedexTest\PokedexTest.vcxproj" (Build target(s)) -- FAILED.

Build FAILED.

Time Elapsed 00:00:00.46
